<?xml version="1.0" encoding="UTF-8"?>
<testsuite xmlns:xsi="http://www.w3.org/2001/XMLSchema-instance" xsi:noNamespaceSchemaLocation="https://maven.apache.org/surefire/maven-surefire-plugin/xsd/surefire-test-report-3.0.xsd" version="3.0" name="arep.taller6.AppTest" time="0.019" tests="1" errors="0" skipped="0" failures="0">
  <properties>
    <property name="java.specification.version" value="21"/>
    <property name="sun.cpu.isalist" value="amd64"/>
    <property name="sun.jnu.encoding" value="Cp1252"/>
    <property name="java.class.path" value="C:\Users\yhonatan.gomez\Documents\AREP_6\target\test-classes;C:\Users\yhonatan.gomez\Documents\AREP_6\target\classes;C:\Users\yhonatan.gomez\.m2\repository\junit\junit\3.8.1\junit-3.8.1.jar;C:\Users\yhonatan.gomez\.m2\repository\org\slf4j\slf4j-api\2.0.12\slf4j-api-2.0.12.jar;C:\Users\yhonatan.gomez\.m2\repository\org\slf4j\slf4j-simple\2.0.12\slf4j-simple-2.0.12.jar;C:\Users\yhonatan.gomez\.m2\repository\org\mongodb\mongodb-driver-sync\4.5.0\mongodb-driver-sync-4.5.0.jar;C:\Users\yhonatan.gomez\.m2\repository\org\mongodb\bson\4.5.0\bson-4.5.0.jar;C:\Users\yhonatan.gomez\.m2\repository\org\mongodb\mongodb-driver-core\4.5.0\mongodb-driver-core-4.5.0.jar;C:\Users\yhonatan.gomez\.m2\repository\com\sparkjava\spark-core\2.9.4\spark-core-2.9.4.jar;C:\Users\yhonatan.gomez\.m2\repository\org\eclipse\jetty\jetty-server\9.4.48.v20220622\jetty-server-9.4.48.v20220622.jar;C:\Users\yhonatan.gomez\.m2\repository\javax\servlet\javax.servlet-api\3.1.0\javax.servlet-api-3.1.0.jar;C:\Users\yhonatan.gomez\.m2\repository\org\eclipse\jetty\jetty-http\9.4.48.v20220622\jetty-http-9.4.48.v20220622.jar;C:\Users\yhonatan.gomez\.m2\repository\org\eclipse\jetty\jetty-util\9.4.48.v20220622\jetty-util-9.4.48.v20220622.jar;C:\Users\yhonatan.gomez\.m2\repository\org\eclipse\jetty\jetty-io\9.4.48.v20220622\jetty-io-9.4.48.v20220622.jar;C:\Users\yhonatan.gomez\.m2\repository\org\eclipse\jetty\jetty-webapp\9.4.48.v20220622\jetty-webapp-9.4.48.v20220622.jar;C:\Users\yhonatan.gomez\.m2\repository\org\eclipse\jetty\jetty-xml\9.4.48.v20220622\jetty-xml-9.4.48.v20220622.jar;C:\Users\yhonatan.gomez\.m2\repository\org\eclipse\jetty\jetty-servlet\9.4.48.v20220622\jetty-servlet-9.4.48.v20220622.jar;C:\Users\yhonatan.gomez\.m2\repository\org\eclipse\jetty\jetty-security\9.4.48.v20220622\jetty-security-9.4.48.v20220622.jar;C:\Users\yhonatan.gomez\.m2\repository\org\eclipse\jetty\jetty-util-ajax\9.4.48.v20220622\jetty-util-ajax-9.4.48.v20220622.jar;C:\Users\yhonatan.gomez\.m2\repository\org\eclipse\jetty\websocket\websocket-server\9.4.48.v20220622\websocket-server-9.4.48.v20220622.jar;C:\Users\yhonatan.gomez\.m2\repository\org\eclipse\jetty\websocket\websocket-common\9.4.48.v20220622\websocket-common-9.4.48.v20220622.jar;C:\Users\yhonatan.gomez\.m2\repository\org\eclipse\jetty\websocket\websocket-client\9.4.48.v20220622\websocket-client-9.4.48.v20220622.jar;C:\Users\yhonatan.gomez\.m2\repository\org\eclipse\jetty\jetty-client\9.4.48.v20220622\jetty-client-9.4.48.v20220622.jar;C:\Users\yhonatan.gomez\.m2\repository\org\eclipse\jetty\websocket\websocket-servlet\9.4.48.v20220622\websocket-servlet-9.4.48.v20220622.jar;C:\Users\yhonatan.gomez\.m2\repository\org\eclipse\jetty\websocket\websocket-api\9.4.48.v20220622\websocket-api-9.4.48.v20220622.jar;"/>
    <property name="java.vm.vendor" value="Oracle Corporation"/>
    <property name="sun.arch.data.model" value="64"/>
    <property name="user.variant" value=""/>
    <property name="java.vendor.url" value="https://java.oracle.com/"/>
    <property name="user.timezone" value="America/Bogota"/>
    <property name="os.name" value="Windows 10"/>
    <property name="java.vm.specification.version" value="21"/>
    <property name="sun.java.launcher" value="SUN_STANDARD"/>
    <property name="user.country" value="CO"/>
    <property name="sun.boot.library.path" value="C:\Program Files\Java\jdk-21\bin"/>
    <property name="sun.java.command" value="C:\Users\yhonatan.gomez\AppData\Local\Temp\surefire17651311035832572151\surefirebooter-20240319184157724_3.jar C:\Users\yhonatan.gomez\AppData\Local\Temp\surefire17651311035832572151 2024-03-19T18-41-55_088-jvmRun1 surefire-20240319184157724_1tmp surefire_0-20240319184157724_2tmp"/>
    <property name="jdk.debug" value="release"/>
    <property name="surefire.test.class.path" value="C:\Users\yhonatan.gomez\Documents\AREP_6\target\test-classes;C:\Users\yhonatan.gomez\Documents\AREP_6\target\classes;C:\Users\yhonatan.gomez\.m2\repository\junit\junit\3.8.1\junit-3.8.1.jar;C:\Users\yhonatan.gomez\.m2\repository\org\slf4j\slf4j-api\2.0.12\slf4j-api-2.0.12.jar;C:\Users\yhonatan.gomez\.m2\repository\org\slf4j\slf4j-simple\2.0.12\slf4j-simple-2.0.12.jar;C:\Users\yhonatan.gomez\.m2\repository\org\mongodb\mongodb-driver-sync\4.5.0\mongodb-driver-sync-4.5.0.jar;C:\Users\yhonatan.gomez\.m2\repository\org\mongodb\bson\4.5.0\bson-4.5.0.jar;C:\Users\yhonatan.gomez\.m2\repository\org\mongodb\mongodb-driver-core\4.5.0\mongodb-driver-core-4.5.0.jar;C:\Users\yhonatan.gomez\.m2\repository\com\sparkjava\spark-core\2.9.4\spark-core-2.9.4.jar;C:\Users\yhonatan.gomez\.m2\repository\org\eclipse\jetty\jetty-server\9.4.48.v20220622\jetty-server-9.4.48.v20220622.jar;C:\Users\yhonatan.gomez\.m2\repository\javax\servlet\javax.servlet-api\3.1.0\javax.servlet-api-3.1.0.jar;C:\Users\yhonatan.gomez\.m2\repository\org\eclipse\jetty\jetty-http\9.4.48.v20220622\jetty-http-9.4.48.v20220622.jar;C:\Users\yhonatan.gomez\.m2\repository\org\eclipse\jetty\jetty-util\9.4.48.v20220622\jetty-util-9.4.48.v20220622.jar;C:\Users\yhonatan.gomez\.m2\repository\org\eclipse\jetty\jetty-io\9.4.48.v20220622\jetty-io-9.4.48.v20220622.jar;C:\Users\yhonatan.gomez\.m2\repository\org\eclipse\jetty\jetty-webapp\9.4.48.v20220622\jetty-webapp-9.4.48.v20220622.jar;C:\Users\yhonatan.gomez\.m2\repository\org\eclipse\jetty\jetty-xml\9.4.48.v20220622\jetty-xml-9.4.48.v20220622.jar;C:\Users\yhonatan.gomez\.m2\repository\org\eclipse\jetty\jetty-servlet\9.4.48.v20220622\jetty-servlet-9.4.48.v20220622.jar;C:\Users\yhonatan.gomez\.m2\repository\org\eclipse\jetty\jetty-security\9.4.48.v20220622\jetty-security-9.4.48.v20220622.jar;C:\Users\yhonatan.gomez\.m2\repository\org\eclipse\jetty\jetty-util-ajax\9.4.48.v20220622\jetty-util-ajax-9.4.48.v20220622.jar;C:\Users\yhonatan.gomez\.m2\repository\org\eclipse\jetty\websocket\websocket-server\9.4.48.v20220622\websocket-server-9.4.48.v20220622.jar;C:\Users\yhonatan.gomez\.m2\repository\org\eclipse\jetty\websocket\websocket-common\9.4.48.v20220622\websocket-common-9.4.48.v20220622.jar;C:\Users\yhonatan.gomez\.m2\repository\org\eclipse\jetty\websocket\websocket-client\9.4.48.v20220622\websocket-client-9.4.48.v20220622.jar;C:\Users\yhonatan.gomez\.m2\repository\org\eclipse\jetty\jetty-client\9.4.48.v20220622\jetty-client-9.4.48.v20220622.jar;C:\Users\yhonatan.gomez\.m2\repository\org\eclipse\jetty\websocket\websocket-servlet\9.4.48.v20220622\websocket-servlet-9.4.48.v20220622.jar;C:\Users\yhonatan.gomez\.m2\repository\org\eclipse\jetty\websocket\websocket-api\9.4.48.v20220622\websocket-api-9.4.48.v20220622.jar;"/>
    <property name="sun.cpu.endian" value="little"/>
    <property name="user.home" value="C:\Users\yhonatan.gomez"/>
    <property name="user.language" value="es"/>
    <property name="java.specification.vendor" value="Oracle Corporation"/>
    <property name="java.version.date" value="2024-01-16"/>
    <property name="java.home" value="C:\Program Files\Java\jdk-21"/>
    <property name="file.separator" value="\"/>
    <property name="basedir" value="C:\Users\yhonatan.gomez\Documents\AREP_6"/>
    <property name="java.vm.compressedOopsMode" value="Zero based"/>
    <property name="line.separator" value="&#10;"/>
    <property name="java.vm.specification.vendor" value="Oracle Corporation"/>
    <property name="java.specification.name" value="Java Platform API Specification"/>
    <property name="surefire.real.class.path" value="C:\Users\yhonatan.gomez\AppData\Local\Temp\surefire17651311035832572151\surefirebooter-20240319184157724_3.jar"/>
    <property name="user.script" value=""/>
    <property name="sun.management.compiler" value="HotSpot 64-Bit Tiered Compilers"/>
    <property name="java.runtime.version" value="21.0.2+13-LTS-58"/>
    <property name="user.name" value="yhonatan.gomez"/>
    <property name="stdout.encoding" value="Cp1252"/>
    <property name="path.separator" value=";"/>
    <property name="os.version" value="10.0"/>
    <property name="java.runtime.name" value="Java(TM) SE Runtime Environment"/>
    <property name="file.encoding" value="UTF-8"/>
    <property name="java.vm.name" value="Java HotSpot(TM) 64-Bit Server VM"/>
    <property name="localRepository" value="C:\Users\yhonatan.gomez\.m2\repository"/>
    <property name="java.vendor.url.bug" value="https://bugreport.java.com/bugreport/"/>
    <property name="java.io.tmpdir" value="C:\Users\YHONAT~2.GOM\AppData\Local\Temp\"/>
    <property name="java.version" value="21.0.2"/>
    <property name="user.dir" value="C:\Users\yhonatan.gomez\Documents\AREP_6"/>
    <property name="os.arch" value="amd64"/>
    <property name="java.vm.specification.name" value="Java Virtual Machine Specification"/>
    <property name="sun.os.patch.level" value=""/>
    <property name="native.encoding" value="Cp1252"/>
    <property name="java.library.path" value="C:\Program Files\Java\jdk-21\bin;C:\Windows\Sun\Java\bin;C:\Windows\system32;C:\Windows;C:\Oracle\instantclient_21_13;C:\Program Files\Common Files\Oracle\Java\javapath;C:\Program Files (x86)\AdoptOpenJDK\jdk-8.0.252.09-hotspot\bin;C:\Program Files (x86)\Common Files\Oracle\Java\javapath;C:\Windows\system32;C:\Windows;C:\Windows\System32\Wbem;C:\Windows\System32\WindowsPowerShell\v1.0\;C:\Windows\System32\OpenSSH\;C:\Program Files (x86)\Windows Kits\10\Windows Performance Toolkit\;C:\Program Files (x86)\Windows Kits\10\Microsoft Application Virtualization\Sequencer\;C:\Program Files\IcedTeaWeb\WebStart\bin;C:\Program Files\Git\cmd;C:\Program Files\Maven\apache-maven-3.9.6-bin\apache-maven-3.9.6\bin;C:\Program Files\nodejs\;;C:\Program Files\Docker\Docker\resources\bin;C:\Users\yhonatan.gomez\AppData\Local\Microsoft\WindowsApps;;C:\Users\yhonatan.gomez\AppData\Local\Programs\Microsoft VS Code\bin;C:\Users\yhonatan.gomez\AppData\Roaming\npm;."/>
    <property name="java.vm.info" value="mixed mode, sharing"/>
    <property name="stderr.encoding" value="Cp1252"/>
    <property name="java.vendor" value="Oracle Corporation"/>
    <property name="java.vm.version" value="21.0.2+13-LTS-58"/>
    <property name="sun.io.unicode.encoding" value="UnicodeLittle"/>
    <property name="java.class.version" value="65.0"/>
  </properties>
  <testcase name="testApp" classname="arep.taller6.AppTest" time="0.003"/>
</testsuite>